	Command being timed: "./olson_deduper.py -f /projects/bgmp/afo/bi624/deduper/Deduper/files/Dataset1.out.sort.sam -u /projects/bgmp/afo/bi624/deduper/Deduper/files/STL96.txt -p False -o Dataset_1"
	User time (seconds): 9.21
	System time (seconds): 0.27
	Percent of CPU this job got: 99%
	Elapsed (wall clock) time (h:mm:ss or m:ss): 0:09.55
	Average shared text size (kbytes): 0
	Average unshared data size (kbytes): 0
	Average stack size (kbytes): 0
	Average total size (kbytes): 0
	Maximum resident set size (kbytes): 153236
	Average resident set size (kbytes): 0
	Major (requiring I/O) page faults: 0
	Minor (reclaiming a frame) page faults: 92516
	Voluntary context switches: 111
	Involuntary context switches: 14
	Swaps: 0
	File system inputs: 0
	File system outputs: 0
	Socket messages sent: 0
	Socket messages received: 0
	Signals delivered: 0
	Page size (bytes): 4096
	Exit status: 0
	Command being timed: "./olson_deduper.py -f /projects/bgmp/afo/bi624/deduper/Deduper/files/Dataset2.out.sort.sam -u /projects/bgmp/afo/bi624/deduper/Deduper/files/STL96.txt -p False -o Dataset_2"
	User time (seconds): 12.49
	System time (seconds): 0.30
	Percent of CPU this job got: 99%
	Elapsed (wall clock) time (h:mm:ss or m:ss): 0:12.89
	Average shared text size (kbytes): 0
	Average unshared data size (kbytes): 0
	Average stack size (kbytes): 0
	Average total size (kbytes): 0
	Maximum resident set size (kbytes): 193532
	Average resident set size (kbytes): 0
	Major (requiring I/O) page faults: 0
	Minor (reclaiming a frame) page faults: 100662
	Voluntary context switches: 131
	Involuntary context switches: 20
	Swaps: 0
	File system inputs: 0
	File system outputs: 0
	Socket messages sent: 0
	Socket messages received: 0
	Signals delivered: 0
	Page size (bytes): 4096
	Exit status: 0
	Command being timed: "./olson_deduper.py -f /projects/bgmp/afo/bi624/deduper/Deduper/files/Dataset3.out.sort.sam -u /projects/bgmp/afo/bi624/deduper/Deduper/files/STL96.txt -p False -o Dataset_3"
	User time (seconds): 54.15
	System time (seconds): 1.21
	Percent of CPU this job got: 99%
	Elapsed (wall clock) time (h:mm:ss or m:ss): 0:55.83
	Average shared text size (kbytes): 0
	Average unshared data size (kbytes): 0
	Average stack size (kbytes): 0
	Average total size (kbytes): 0
	Maximum resident set size (kbytes): 231300
	Average resident set size (kbytes): 0
	Major (requiring I/O) page faults: 0
	Minor (reclaiming a frame) page faults: 225715
	Voluntary context switches: 752
	Involuntary context switches: 59
	Swaps: 0
	File system inputs: 0
	File system outputs: 0
	Socket messages sent: 0
	Socket messages received: 0
	Signals delivered: 0
	Page size (bytes): 4096
	Exit status: 0
636004 Dataset_1_deduplicated.out.sam
744205 Dataset_2_deduplicated.out.sam
4044472 Dataset_3_deduplicated.out.sam
